<?xml version="1.0" encoding="UTF-8"?>
<!-- Generated by org.testng.reporters.JUnitReportReporter -->
<testsuite hostname="Abhi" failures="0" tests="1" name="com.LoginTest.Register_Abhi" time="10.780" errors="0" timestamp="2024-05-03T08:47:59 IST" skipped="0">
  <testcase classname="com.LoginTest.Register_Abhi" name="Register" time="10.780"/>
</testsuite> <!-- com.LoginTest.Register_Abhi -->
