<?xml version="1.0" encoding="UTF-8"?>
<!-- Generated by org.testng.reporters.JUnitReportReporter -->
<testsuite hostname="DESKTOP-QVM6J4J" failures="0" tests="2" name="com.LoginTest.TestTC_001" time="8.005" errors="0" timestamp="2024-04-24T09:23:20 IST" skipped="0">
  <testcase classname="com.LoginTest.TestTC_001" name="verifyTC_001" time="3.640"/>
  <system-out/>
  <testcase classname="com.LoginTest.TestTC_001" name="verifyTC_002" time="4.365"/>
  <system-out/>
</testsuite> <!-- com.LoginTest.TestTC_001 -->
