<?xml version="1.0" encoding="UTF-8"?>
<!-- Generated by org.testng.reporters.JUnitReportReporter -->
<testsuite hostname="DESKTOP-74IGKR4" failures="0" tests="1" name="com.LoginTest.Registeruser12" time="13.111" errors="0" timestamp="2024-05-04T09:16:12 IST" skipped="0">
  <testcase classname="com.LoginTest.Registeruser12" name="verifyRegister" time="13.111"/>
</testsuite> <!-- com.LoginTest.Registeruser12 -->
