<?xml version="1.0" encoding="UTF-8"?>
<!-- Generated by org.testng.reporters.JUnitReportReporter -->
<testsuite hostname="Abhi" failures="0" tests="2" name="com.LoginTest.TestTC_001" time="14.302" errors="0" timestamp="2024-05-03T08:47:59 IST" skipped="0">
  <testcase classname="com.LoginTest.TestTC_001" name="verifyTC_002" time="7.668"/>
  <testcase classname="com.LoginTest.TestTC_001" name="verifyTC_001" time="6.634"/>
</testsuite> <!-- com.LoginTest.TestTC_001 -->
