<?xml version="1.0" encoding="UTF-8"?>
<!-- Generated by org.testng.reporters.JUnitReportReporter -->
<testsuite hostname="DESKTOP-9F560QR" failures="0" tests="2" name="com.LoginTest.TestTC_001" time="17.082" errors="0" timestamp="2024-05-03T17:56:05 IST" skipped="0">
  <testcase classname="com.LoginTest.TestTC_001" name="verifyTC_001" time="7.189"/>
  <testcase classname="com.LoginTest.TestTC_001" name="verifyTC_002" time="9.893"/>
</testsuite> <!-- com.LoginTest.TestTC_001 -->
