<?xml version="1.0" encoding="UTF-8"?>
<!-- Generated by org.testng.reporters.JUnitReportReporter -->
<testsuite hostname="DESKTOP-74IGKR4" failures="0" tests="2" name="com.LoginTest.TestTC_001" time="31.814" errors="0" timestamp="2024-05-03T17:52:18 IST" skipped="0">
  <testcase classname="com.LoginTest.TestTC_001" name="verifyTC_001" time="13.936"/>
  <testcase classname="com.LoginTest.TestTC_001" name="verifyTC_002" time="17.878"/>
</testsuite> <!-- com.LoginTest.TestTC_001 -->
