<?xml version="1.0" encoding="UTF-8"?>
<!-- Generated by org.testng.reporters.JUnitReportReporter -->
<testsuite hostname="LAPTOP-SNSCRD4F" failures="0" tests="2" name="com.LoginTest.TestTC_001" time="20.975" errors="0" timestamp="2024-05-03T09:13:08 IST" skipped="0">
  <testcase classname="com.LoginTest.TestTC_001" name="verifyTC_002" time="12.804"/>
  <testcase classname="com.LoginTest.TestTC_001" name="verifyTC_001" time="8.171"/>
</testsuite> <!-- com.LoginTest.TestTC_001 -->
