<?xml version="1.0" encoding="UTF-8"?>
<!-- Generated by org.testng.reporters.JUnitReportReporter -->
<testsuite hostname="LAPTOP-SNSCRD4F" failures="0" tests="1" name="com.LoginTest.Tc_RegisterUser_Reshma" time="23.915" errors="0" timestamp="2024-05-03T14:35:17 IST" skipped="0">
  <testcase classname="com.LoginTest.Tc_RegisterUser_Reshma" name="verifyTestCaseRegisterUser" time="23.915"/>
</testsuite> <!-- com.LoginTest.Tc_RegisterUser_Reshma -->
