<?xml version="1.0" encoding="UTF-8"?>
<!-- Generated by org.testng.reporters.JUnitReportReporter -->
<testsuite hostname="DESKTOP-9F560QR" failures="0" tests="1" name="com.LoginTest.RegisterAE" time="18.187" errors="0" timestamp="2024-05-03T18:05:08 IST" skipped="0">
  <testcase classname="com.LoginTest.RegisterAE" name="Verifyregister" time="18.187"/>
</testsuite> <!-- com.LoginTest.RegisterAE -->
